Determining if the pthread_create exist failed with the following output:
Change Dir: /home/hamada/catkin_mech/build/CMakeFiles/CMakeTmp

Run Build Command:"/usr/bin/make" "cmTC_4104d/fast"
/usr/bin/make -f CMakeFiles/cmTC_4104d.dir/build.make CMakeFiles/cmTC_4104d.dir/build
make[1]: ディレクトリ '/home/hamada/catkin_mech/build/CMakeFiles/CMakeTmp' に入ります
Building C object CMakeFiles/cmTC_4104d.dir/CheckSymbolExists.c.o
/usr/bin/cc    -o CMakeFiles/cmTC_4104d.dir/CheckSymbolExists.c.o   -c /home/hamada/catkin_mech/build/CMakeFiles/CMakeTmp/CheckSymbolExists.c
Linking C executable cmTC_4104d
/usr/bin/cmake -E cmake_link_script CMakeFiles/cmTC_4104d.dir/link.txt --verbose=1
/usr/bin/cc      -rdynamic CMakeFiles/cmTC_4104d.dir/CheckSymbolExists.c.o  -o cmTC_4104d 
CMakeFiles/cmTC_4104d.dir/CheckSymbolExists.c.o: 関数 `main' 内:
CheckSymbolExists.c:(.text+0x1b): `pthread_create' に対する定義されていない参照です
collect2: error: ld returned 1 exit status
CMakeFiles/cmTC_4104d.dir/build.make:97: recipe for target 'cmTC_4104d' failed
make[1]: *** [cmTC_4104d] Error 1
make[1]: ディレクトリ '/home/hamada/catkin_mech/build/CMakeFiles/CMakeTmp' から出ます
Makefile:126: recipe for target 'cmTC_4104d/fast' failed
make: *** [cmTC_4104d/fast] Error 2

File /home/hamada/catkin_mech/build/CMakeFiles/CMakeTmp/CheckSymbolExists.c:
/* */
#include <pthread.h>

int main(int argc, char** argv)
{
  (void)argv;
#ifndef pthread_create
  return ((int*)(&pthread_create))[argc];
#else
  (void)argc;
  return 0;
#endif
}

Determining if the function pthread_create exists in the pthreads failed with the following output:
Change Dir: /home/hamada/catkin_mech/build/CMakeFiles/CMakeTmp

Run Build Command:"/usr/bin/make" "cmTC_124a5/fast"
/usr/bin/make -f CMakeFiles/cmTC_124a5.dir/build.make CMakeFiles/cmTC_124a5.dir/build
make[1]: ディレクトリ '/home/hamada/catkin_mech/build/CMakeFiles/CMakeTmp' に入ります
Building C object CMakeFiles/cmTC_124a5.dir/CheckFunctionExists.c.o
/usr/bin/cc   -DCHECK_FUNCTION_EXISTS=pthread_create   -o CMakeFiles/cmTC_124a5.dir/CheckFunctionExists.c.o   -c /usr/share/cmake-3.10/Modules/CheckFunctionExists.c
Linking C executable cmTC_124a5
/usr/bin/cmake -E cmake_link_script CMakeFiles/cmTC_124a5.dir/link.txt --verbose=1
/usr/bin/cc  -DCHECK_FUNCTION_EXISTS=pthread_create    -rdynamic CMakeFiles/cmTC_124a5.dir/CheckFunctionExists.c.o  -o cmTC_124a5 -lpthreads 
/usr/bin/ld: -lpthreads が見つかりません
collect2: error: ld returned 1 exit status
CMakeFiles/cmTC_124a5.dir/build.make:97: recipe for target 'cmTC_124a5' failed
make[1]: *** [cmTC_124a5] Error 1
make[1]: ディレクトリ '/home/hamada/catkin_mech/build/CMakeFiles/CMakeTmp' から出ます
Makefile:126: recipe for target 'cmTC_124a5/fast' failed
make: *** [cmTC_124a5/fast] Error 2


